Train/pos/crop_000010.png 0 
Train/pos/crop_000011.png 0 

Train/pos/crop_000603.png 0 

Train/pos/crop_000606.png 0 
Train/pos/crop_000607.png 0 

Train/pos/crop_000608.png 0 

Train/pos/crop001001.png 0 

Train/pos/crop001002.png 0 

Train/pos/crop001003.png 0 

Train/pos/crop001004.png 0 

Train/pos/crop001005.png 0 

Train/pos/crop001006.png 0 

Train/pos/crop001007.png 0 

Train/pos/crop001008.png 0 

Train/pos/crop001009.png 0 

Train/pos/crop001010.png 0 

Train/pos/crop001011.png 0 

Train/pos/crop001012.png 0 

Train/pos/crop001013.png 0 

Train/pos/crop001014.png 0 

Train/pos/crop001015.png 0 

Train/pos/crop001016.png 0 

Train/pos/crop001017.png 0 

Train/pos/crop001018.png 0 

Train/pos/crop001019.png 0 

Train/pos/crop001020.png 0 

Train/pos/crop001021.png 0 

Train/pos/crop001022.png 0 

Train/pos/crop001023.png 0 

Train/pos/crop001024.png 0 

Train/pos/crop001025.png 0 

Train/pos/crop001026.png 0 

Train/pos/crop001027.png 0 

Train/pos/crop001028.png 0 

Train/pos/crop001029.png 0 

Train/pos/crop001030.png 0 

Train/pos/crop001031.png 0 

Train/pos/crop001032.png 0 

Train/pos/crop001033.png 0 

Train/pos/crop001034.png 0 

Train/pos/crop001035.png 0 

Train/pos/crop001036.png 0 

Train/pos/crop001037.png 0 

Train/pos/crop001038.png 0 

Train/pos/crop001039.png 0 

Train/pos/crop001040.png 0 

Train/pos/crop001042.png 0 

Train/pos/crop001043.png 0 
Train/pos/crop001044.png 0 

Train/pos/crop001045.png 0 

Train/pos/crop001046.png 0 

Train/pos/crop001047.png 0 

Train/pos/crop001048.png 0 

Train/pos/crop001049.png 0 

Train/pos/crop001050.png 0 

Train/pos/crop001051.png 0 

Train/pos/crop001052.png 0 

Train/pos/crop001053.png 0 

Train/pos/crop001054.png 0 

Train/pos/crop001055.png 0 

Train/pos/crop001056.png 0 

Train/pos/crop001057.png 0 

Train/pos/crop001058.png 0 

Train/pos/crop001059.png 0 

Train/pos/crop001060.png 0 

Train/pos/crop001061.png 0 

Train/pos/crop001063.png 0 

Train/pos/crop001064.png 0 

Train/pos/crop001066.png 0 

Train/pos/crop001068.png 0 

Train/pos/crop001069.png 0 

Train/pos/crop001070.png 0 

Train/pos/crop001071.png 0 

Train/pos/crop001072.png 0 

Train/pos/crop001073.png 0 

Train/pos/crop001074.png 0 

Train/pos/crop001075.png 0 

Train/pos/crop001078.png 0 

Train/pos/crop001079.png 0 

Train/pos/crop001081.png 0 

Train/pos/crop001083.png 0 

Train/pos/crop001084.png 0 

Train/pos/crop001085.png 0 

Train/pos/crop001086.png 0 

Train/pos/crop001087.png 0 

Train/pos/crop001088.png 0 

Train/pos/crop001089.png 0 

Train/pos/crop001090.png 0 

Train/pos/crop001091.png 0 

Train/pos/crop001092.png 0 

Train/pos/crop001093.png 0 

Train/pos/crop001094.png 0 

Train/pos/crop001095.png 0 

Train/pos/crop001096.png 0 

Train/pos/crop001097.png 0 

Train/pos/crop001098.png 0 

Train/pos/crop001099.png 0 

Train/pos/crop001102.png 0 

Train/pos/crop001103.png 0 

Train/pos/crop001104.png 0 

Train/pos/crop001105.png 0 

Train/pos/crop001106.png 0 

Train/pos/crop001107.png 0 

Train/pos/crop001108.png 0 

Train/pos/crop001109.png 0 

Train/pos/crop001110.png 0 

Train/pos/crop001111.png 0 

Train/pos/crop001112.png 0 

Train/pos/crop001113.png 0 

Train/pos/crop001114.png 0 

Train/pos/crop001115.png 0 

Train/pos/crop001116.png 0 

Train/pos/crop001119.png 0 

Train/pos/crop001120.png 0 

Train/pos/crop001121.png 0 

Train/pos/crop001122.png 0 

Train/pos/crop001123.png 0 

Train/pos/crop001124.png 0 

Train/pos/crop001125.png 0 

Train/pos/crop001126.png 0 

Train/pos/crop001127.png 0 

Train/pos/crop001128.png 0 

Train/pos/crop001129.png 0 

Train/pos/crop001130.png 0 

Train/pos/crop001131.png 0 

Train/pos/crop001132.png 0 

Train/pos/crop001133.png 0 

Train/pos/crop001134.png 0 

Train/pos/crop001135.png 0 

Train/pos/crop001136.png 0 

Train/pos/crop001137.png 0 

Train/pos/crop001138.png 0 

Train/pos/crop001140.png 0 

Train/pos/crop001141.png 0 

Train/pos/crop001142.png 0 

Train/pos/crop001143.png 0 

Train/pos/crop001144.png 0 

Train/pos/crop001145.png 0 

Train/pos/crop001146.png 0 

Train/pos/crop001147.png 0 

Train/pos/crop001148.png 0 

Train/pos/crop001149.png 0 

Train/pos/crop001150.png 0 

Train/pos/crop001151.png 0 

Train/pos/crop001152.png 0 

Train/pos/crop001153.png 0 

Train/pos/crop001154.png 0 

Train/pos/crop001155.png 0 

Train/pos/crop001156.png 0 

Train/pos/crop001158.png 0 

Train/pos/crop001160.png 0 

Train/pos/crop001162.png 0 

Train/pos/crop001163.png 0 

Train/pos/crop001164.png 0 

Train/pos/crop001200.png 0 

Train/pos/crop001201.png 0 

Train/pos/crop001202.png 0 

Train/pos/crop001205.png 0 

Train/pos/crop001206.png 0 

Train/pos/crop001207.png 0 

Train/pos/crop001208.png 0 

Train/pos/crop001210.png 0 

Train/pos/crop001211.png 0 

Train/pos/crop001212.png 0 

Train/pos/crop001213.png 0 

Train/pos/crop001214.png 0 

Train/pos/crop001216.png 0 

Train/pos/crop001217.png 0 

Train/pos/crop001218.png 0 

Train/pos/crop001219.png 0 

Train/pos/crop001220.png 0 

Train/pos/crop001222.png 0 

Train/pos/crop001230.png 0 

Train/pos/crop001231.png 0 

Train/pos/crop001232.png 0 

Train/pos/crop001234.png 0 

Train/pos/crop001235.png 0 

Train/pos/crop001236.png 0 

Train/pos/crop001237.png 0 

Train/pos/crop001238.png 0 

Train/pos/crop001241.png 0 

Train/pos/crop001242.png 0 

Train/pos/crop001246.png 0 

Train/pos/crop001247.png 0 

Train/pos/crop001248.png 0 

Train/pos/crop001250.png 0 

Train/pos/crop001251.png 0 

Train/pos/crop001252.png 0 

Train/pos/crop001253.png 0 

Train/pos/crop001254.png 0 

Train/pos/crop001255.png 0 

Train/pos/crop001256.png 0 

Train/pos/crop001257.png 0 

Train/pos/crop001258.png 0 

Train/pos/crop001259.png 0 

Train/pos/crop001260.png 0 

Train/pos/crop001263.png 0 

Train/pos/crop001264.png 0 

Train/pos/crop001265.png 0 

Train/pos/crop001267.png 0 

Train/pos/crop001268.png 0 

Train/pos/crop001270.png 0 

Train/pos/crop001271.png 0 

Train/pos/crop001272.png 0 

Train/pos/crop001273.png 0 

Train/pos/crop001274.png 0 

Train/pos/crop001275.png 0 

Train/pos/crop001276.png 0 
Train/pos/crop001278.png 0 

Train/pos/crop001500.png 0 

Train/pos/crop001503.png 0 

Train/pos/crop001505.png 0 

Train/pos/crop001506.png 0 

Train/pos/crop001507.png 0 

Train/pos/crop001508.png 0 

Train/pos/crop001509.png 0 

Train/pos/crop001510.png 0 

Train/pos/crop001513.png 0 

Train/pos/crop001515.png 0 

Train/pos/crop001516.png 0 

Train/pos/crop001517.png 0 

Train/pos/crop001518.png 0 

Train/pos/crop001519.png 0 

Train/pos/crop001523.png 0 

Train/pos/crop001524.png 0 

Train/pos/crop001525.png 0 

Train/pos/crop001526.png 0 

Train/pos/crop001527.png 0 

Train/pos/crop001528.png 0 

Train/pos/crop001529.png 0 

Train/pos/crop001530.png 0 

Train/pos/crop001532.png 0 

Train/pos/crop001534.png 0 

Train/pos/crop001536.png 0 

Train/pos/crop001537.png 0 

Train/pos/crop001538.png 0 

Train/pos/crop001539.png 0 

Train/pos/crop001540.png 0 
Train/pos/crop001541.png 0 

Train/pos/crop001542.png 0 

Train/pos/crop001543.png 0 

Train/pos/crop001547.png 0 

Train/pos/crop001548.png 0 

Train/pos/crop001550.png 0 

Train/pos/crop001551.png 0 

Train/pos/crop001552.png 0 

Train/pos/crop001553.png 0 

Train/pos/crop001554.png 0 

Train/pos/crop001556.png 0 

Train/pos/crop001557.png 0 

Train/pos/crop001558.png 0 

Train/pos/crop001559.png 0 

Train/pos/crop001560.png 0 

Train/pos/crop001561.png 0 

Train/pos/crop001562.png 0 

Train/pos/crop001563.png 0 

Train/pos/crop001564.png 0 

Train/pos/crop001565.png 0 

Train/pos/crop001567.png 0 

Train/pos/crop001568.png 0 

Train/pos/crop001569.png 0 

Train/pos/crop001570.png 0 

Train/pos/crop001571.png 0 

Train/pos/crop001572.png 0 

Train/pos/crop001577.png 0 

Train/pos/crop001578.png 0 

Train/pos/crop001579.png 0 

Train/pos/crop001580.png 0 

Train/pos/crop001581.png 0 

Train/pos/crop001582.png 0 

Train/pos/crop001583.png 0 

Train/pos/crop001584.png 0 

Train/pos/crop001589.png 0 

Train/pos/crop001591.png 0 

Train/pos/crop001592.png 0 

Train/pos/crop001594.png 0 

Train/pos/crop001595.png 0 

Train/pos/crop001596.png 0 

Train/pos/crop001597.png 0 

Train/pos/crop001598.png 0 

Train/pos/crop001599.png 0 

Train/pos/crop001600.png 0 

Train/pos/crop001601.png 0 

Train/pos/crop001603.png 0 

Train/pos/crop001605.png 0 

Train/pos/crop001606.png 0 

Train/pos/crop001608.png 0 

Train/pos/crop001609.png 0 

Train/pos/crop001610.png 0 

Train/pos/crop001611.png 0 

Train/pos/crop001612.png 0 

Train/pos/crop001613.png 0 

Train/pos/crop001614.png 0 

Train/pos/crop001615.png 0 

Train/pos/crop001616.png 0 

Train/pos/crop001617.png 0 

Train/pos/crop001618.png 0 

Train/pos/crop001619.png 0 

Train/pos/crop001620.png 0 

Train/pos/crop001621.png 0 

Train/pos/crop001622.png 0 

Train/pos/crop001623.png 0 

Train/pos/crop001624.png 0 

Train/pos/crop001625.png 0 

Train/pos/crop001626.png 0 

Train/pos/crop001627.png 0 

Train/pos/crop001628.png 0 

Train/pos/crop001629.png 0 

Train/pos/crop001630.png 0 

Train/pos/crop001632.png 0 

Train/pos/crop001635.png 0 

Train/pos/crop001636.png 0 

Train/pos/crop001637.png 0 

Train/pos/crop001640.png 0 

Train/pos/crop001642.png 0 

Train/pos/crop001643.png 0 

Train/pos/crop001644.png 0 

Train/pos/crop001646.png 0 

Train/pos/crop001647.png 0 

Train/pos/crop001648.png 0 

Train/pos/crop001649.png 0 

Train/pos/crop001650.png 0 

Train/pos/crop001651.png 0 

Train/pos/crop001652.png 0 

Train/pos/crop001655.png 0 

Train/pos/crop001656.png 0 

Train/pos/crop001657.png 0 

Train/pos/crop001662.png 0 

Train/pos/crop001663.png 0 

Train/pos/crop001665.png 0 

Train/pos/crop001666.png 0 

Train/pos/crop001667.png 0 

Train/pos/crop001668.png 0 

Train/pos/crop001669.png 0 

Train/pos/crop001671.png 0 

Train/pos/crop001672.png 0 

Train/pos/crop001673.png 0 

Train/pos/crop001674.png 0 

Train/pos/crop001675.png 0 

Train/pos/crop001677.png 0 

Train/pos/crop001678.png 0 

Train/pos/crop001679.png 0 

Train/pos/crop001680.png 0 

Train/pos/crop001681.png 0 

Train/pos/crop001685.png 0 

Train/pos/crop001686.png 0 

Train/pos/crop001687.png 0 

Train/pos/crop001689.png 0 

Train/pos/crop001690.png 0 

Train/pos/crop001691.png 0 

Train/pos/crop001692.png 0 

Train/pos/crop001693.png 0 

Train/pos/crop001694.png 0 

Train/pos/crop001695.png 0 
Train/pos/crop001696.png 0 

Train/pos/crop001697.png 0 

Train/pos/crop001698.png 0 

Train/pos/crop001699.png 0 

Train/pos/crop001700.png 0 

Train/pos/crop001701.png 0 

Train/pos/crop001702.png 0 

Train/pos/crop001703.png 0 

Train/pos/crop001705.png 0 

Train/pos/crop001707.png 0 

Train/pos/crop001708.png 0 

Train/pos/crop001709.png 0 

Train/pos/crop001710.png 0 

Train/pos/crop001711.png 0 
Train/pos/crop001712.png 0 

Train/pos/crop001713.png 0 
Train/pos/crop001714.png 0 

Train/pos/crop001717.png 0 

Train/pos/crop001720.png 0 

Train/pos/crop001721.png 0 

Train/pos/crop001806.png 0 

Train/pos/crop001807.png 0 

Train/pos/crop001808.png 0 

Train/pos/crop001809.png 0 

Train/pos/crop001810.png 0 

Train/pos/crop001811.png 0 

Train/pos/crop001812.png 0 

Train/pos/crop001813.png 0 

Train/pos/crop001814.png 0 

Train/pos/crop001815.png 0 

Train/pos/crop001816.png 0 

Train/pos/crop001817.png 0 

Train/pos/crop001818.png 0 

Train/pos/crop001819.png 0 

Train/pos/crop001820.png 0 

Train/pos/crop001823.png 0 

Train/pos/crop001824.png 0 

Train/pos/crop001829.png 0 

Train/pos/crop001830.png 0 

Train/pos/crop001831.png 0 

Train/pos/crop001832.png 0 

Train/pos/crop001833.png 0 

Train/pos/crop001835.png 0 

Train/pos/crop001836.png 0 

Train/pos/crop001837.png 0 

Train/pos/crop001838.png 0 

Train/pos/crop001839.png 0 

Train/pos/crop001840.png 0 

Train/pos/crop001841.png 0 

Train/pos/crop001842.png 0 

Train/pos/crop001843.png 0 

Train/pos/person_044.png 0 

Train/pos/person_050.png 0 

Train/pos/person_060.png 0 

Train/pos/person_061.png 0 

Train/pos/person_086.png 0 

Train/pos/person_091.png 0 

Train/pos/person_097.png 0 

Train/pos/person_101.png 0 

Train/pos/person_102.png 0 

Train/pos/person_103.png 0 

Train/pos/person_106.png 0 

Train/pos/person_111.png 0 

Train/pos/person_112.png 0 

Train/pos/person_114.png 0 

Train/pos/person_117.png 0 

Train/pos/person_119.png 0 

Train/pos/person_121.png 0 

Train/pos/person_124.png 0 

Train/pos/person_125.png 0 

Train/pos/person_126.png 0 

Train/pos/person_128.png 0 

Train/pos/person_129.png 0 

Train/pos/person_130.png 0 

Train/pos/person_131.png 0 

Train/pos/person_133.png 0 

Train/pos/person_139.png 0 

Train/pos/person_141.png 0 

Train/pos/person_142.png 0 

Train/pos/person_143.png 0 

Train/pos/person_156.png 0 

Train/pos/person_160.png 0 

Train/pos/person_162.png 0 

Train/pos/person_165.png 0 

Train/pos/person_166.png 0 

Train/pos/person_167.png 0 

Train/pos/person_168.png 0 

Train/pos/person_169.png 0 

Train/pos/person_170.png 0 

Train/pos/person_171.png 0 

Train/pos/person_172.png 0 

Train/pos/person_173.png 0 

Train/pos/person_174.png 0 

Train/pos/person_175.png 0 

Train/pos/person_176.png 0 

Train/pos/person_177.png 0 

Train/pos/person_178.png 0 

Train/pos/person_179.png 0 

Train/pos/person_181.png 0 

Train/pos/person_185.png 0 

Train/pos/person_187.png 0 

Train/pos/person_195.png 0 

Train/pos/person_196.png 0 

Train/pos/person_199.png 0 

Train/pos/person_201.png 0 

Train/pos/person_202.png 0 

Train/pos/person_203.png 0 

Train/pos/person_208.png 0 

Train/pos/person_209.png 0 

Train/pos/person_211.png 0 

Train/pos/person_214.png 0 

Train/pos/person_219.png 0 

Train/pos/person_220.png 0 

Train/pos/person_221.png 0 

Train/pos/person_223.png 0 

Train/pos/person_224.png 0 

Train/pos/person_225.png 0 

Train/pos/person_228.png 0 

Train/pos/person_229.png 0 

Train/pos/person_231.png 0 

Train/pos/person_232.png 0 

Train/pos/person_233.png 0 

Train/pos/person_234.png 0 

Train/pos/person_235.png 0 

Train/pos/person_237.png 0 

Train/pos/person_238.png 0 

Train/pos/person_239.png 0 

Train/pos/person_240.png 0 

Train/pos/person_241.png 0 

Train/pos/person_242.png 0 

Train/pos/person_243.png 0 

Train/pos/person_244.png 0 

Train/pos/person_245.png 0 

Train/pos/person_252.png 0 

Train/pos/person_253.png 0 

Train/pos/person_254.png 0 

Train/pos/person_256.png 0 

Train/pos/person_257.png 0 

Train/pos/person_258.png 0 

Train/pos/person_259.png 0 

Train/pos/person_260.png 0 

Train/pos/person_266.png 0 

Train/pos/person_269.png 0 

Train/pos/person_270.png 0 

Train/pos/person_273.png 0 

Train/pos/person_274.png 0 

Train/pos/person_275.png 0 

Train/pos/person_279.png 0 

Train/pos/person_281.png 0 

Train/pos/person_283.png 0 

Train/pos/person_284.png 0 

Train/pos/person_285.png 0 

Train/pos/person_286.png 0 

Train/pos/person_287.png 0 

Train/pos/person_288.png 0 

Train/pos/person_289.png 0 

Train/pos/person_291.png 0 

Train/pos/person_292.png 0 

Train/pos/person_294.png 0 

Train/pos/person_295.png 0 

Train/pos/person_296.png 0 

Train/pos/person_297.png 0 

Train/pos/person_298.png 0 

Train/pos/person_299.png 0 

Train/pos/person_300.png 0 

Train/pos/person_301.png 0 

Train/pos/person_302.png 0 

Train/pos/person_304.png 0 

Train/pos/person_305.png 0 

Train/pos/person_319.png 0 

Train/pos/person_320.png 0 

Train/pos/person_321.png 0 

Train/pos/person_324.png 0 

Train/pos/person_327.png 0 

Train/pos/person_328.png 0 

Train/pos/person_329.png 0 

Train/pos/person_331.png 0 

Train/pos/person_333.png 0 

Train/pos/person_334.png 0 

Train/pos/person_339.png 0 

Train/pos/person_340.png 0 

Train/pos/person_341.png 0 

Train/pos/person_342.png 0 

Train/pos/person_343.png 0 

Train/pos/person_344.png 0 

Train/pos/person_346.png 0 

Train/pos/person_348.png 0 

Train/pos/person_349.png 0 

Train/pos/person_356.png 0 

Train/pos/person_357.png 0 

Train/pos/person_358.png 0 

Train/pos/person_376.png 0 

Train/pos/person_377.png 0 

Train/pos/person_378.png 0 

Train/pos/person_387.png 0 

Train/pos/person_395.png 0 

Train/pos/person_414.png 0 

Train/pos/person_425.png 0 

Train/pos/person_and_bike_002.png 0 

Train/pos/person_and_bike_003.png 0 

Train/pos/person_and_bike_005.png 0 

Train/pos/person_and_bike_007.png 0 

Train/pos/person_and_bike_008.png 0 

Train/pos/person_and_bike_009.png 0 

Train/pos/person_and_bike_010.png 0 

Train/pos/person_and_bike_011.png 0 

Train/pos/person_and_bike_013.png 0 

Train/pos/person_and_bike_015.png 0 

Train/pos/person_and_bike_016.png 0 

Train/pos/person_and_bike_017.png 0 

Train/pos/person_and_bike_019.png 0 

Train/pos/person_and_bike_020.png 0 

Train/pos/person_and_bike_021.png 0 

Train/pos/person_and_bike_022.png 0 

Train/pos/person_and_bike_023.png 0 

Train/pos/person_and_bike_026.png 0 

Train/pos/person_and_bike_030.png 0 

Train/pos/person_and_bike_031.png 0 

Train/pos/person_and_bike_033.png 0 

Train/pos/person_and_bike_034.png 0 

Train/pos/person_and_bike_036.png 0 

Train/pos/person_and_bike_039.png 0 

Train/pos/person_and_bike_040.png 0 

Train/pos/person_and_bike_074.png 0 

Train/pos/person_and_bike_075.png 0 

Train/pos/person_and_bike_078.png 0 

Train/pos/person_and_bike_117.png 0 

Train/pos/person_and_bike_118.png 0 

Train/pos/person_and_bike_119.png 0 

Train/pos/person_and_bike_120.png 0 

Train/pos/person_and_bike_121.png 0 

Train/pos/person_and_bike_123.png 0 

Train/pos/person_and_bike_124.png 0 

Train/pos/person_and_bike_125.png 0 

Train/pos/person_and_bike_127.png 0 

Train/pos/person_and_bike_128.png 0 

Train/pos/person_and_bike_129.png 0 

Train/pos/person_and_bike_130.png 0 

Train/pos/person_and_bike_132.png 0 

Train/pos/person_and_bike_134.png 0 

Train/pos/person_and_bike_135.png 0 

Train/pos/person_and_bike_137.png 0 

Train/pos/person_and_bike_138.png 0 

Train/pos/person_and_bike_139.png 0 

Train/pos/person_and_bike_142.png 0 

Train/pos/person_and_bike_143.png 0 

Train/pos/person_and_bike_146.png 0 

Train/pos/person_and_bike_147.png 0 

Train/pos/person_and_bike_148.png 0 

Train/pos/person_and_bike_150.png 0 

Train/pos/person_and_bike_151.png 0 

Train/pos/person_and_bike_152.png 0 

Train/pos/person_and_bike_155.png 0 

Train/pos/person_and_bike_156.png 0 

Train/pos/person_and_bike_157.png 0 

Train/pos/person_and_bike_166.png 0 

Train/pos/person_and_bike_191.png 0 

Train/pos/person_and_bike_207.png 0 

Train/pos/person_and_bike_208.png 0 

Train/pos/person_and_bike_209.png 0 


